<?xml version="1.0" encoding="UTF-8"?>
<!-- Generated by org.testng.reporters.JUnitXMLReporter -->
<testsuite ignored="0" hostname="DESKTOP-HD68AS2" failures="0" tests="6" name="Surefire test" time="27.921" errors="0" timestamp="2024-04-20T08:02:57 IST">
  <testcase classname="Beauty.Lakme_Test" name="lakmeindia" time="6.051"/>
  <testcase classname="Beauty.Mac_Test" name="macweb" time="3.575"/>
  <testcase classname="ecommerce.Amazon_Test" name="amazon" time="3.556"/>
  <testcase classname="ecommerce.Webshop_Test" name="webshop" time="4.47"/>
  <testcase classname="Food.Swiggy_Test" name="swiggyweb" time="5.608"/>
  <testcase classname="Food.Zomato_Test" name="zomatoweb" time="4.586"/>
</testsuite> <!-- Surefire test -->
