<?xml version="1.0" encoding="UTF-8"?>
<testng-results ignored="0" total="2" passed="2" failed="0" skipped="0">
  <reporter-output>
  </reporter-output>
  <suite started-at="2024-04-20T08:20:40 IST" name="Suite" finished-at="2024-04-20T08:20:50 IST" duration-ms="9183">
    <groups>
      <group name="food">
        <method signature="Zomato_Test.zomatoweb()[pri:0, instance:Food.Zomato_Test@470f1802]" name="zomatoweb" class="Food.Zomato_Test"/>
      </group> <!-- food -->
    </groups>
    <test started-at="2024-04-20T08:20:40 IST" name="Test" finished-at="2024-04-20T08:20:50 IST" duration-ms="9183">
      <class name="Food.Zomato_Test">
        <test-method signature="zomatoweb()[pri:0, instance:Food.Zomato_Test@470f1802]" started-at="2024-04-20T08:20:45 IST" name="zomatoweb" finished-at="2024-04-20T08:20:50 IST" duration-ms="4335" status="PASS">
          <reporter-output>
          </reporter-output>
        </test-method> <!-- zomatoweb -->
      </class> <!-- Food.Zomato_Test -->
      <class name="Food.Swiggy_Test">
        <test-method signature="swiggyweb()[pri:0, instance:Food.Swiggy_Test@49d904ec]" started-at="2024-04-20T08:20:40 IST" name="swiggyweb" finished-at="2024-04-20T08:20:45 IST" duration-ms="4795" status="PASS">
          <reporter-output>
          </reporter-output>
        </test-method> <!-- swiggyweb -->
      </class> <!-- Food.Swiggy_Test -->
    </test> <!-- Test -->
  </suite> <!-- Suite -->
</testng-results>
